[INFO] at 24-04-11 04:04:38 xp added for user gerumwith IP address 127.0.0.1Added XP: 10 POST HTTP/1.1 
[INFO] at 24-04-11 04:04:03 xp added for user gerumwith IP address 127.0.0.1Added XP: 10 POST HTTP/1.1 
[INFO] at 24-04-11 04:04:46 xp added for user gerumwith IP address 127.0.0.1Added XP: 22 POST HTTP/1.1 
[INFO] at 24-04-11 04:04:55 xp added for user gerumwith IP address ::1Added XP: 10 POST HTTP/1.1 
[INFO] at 24-04-11 06:04:18 xp added for user gerumwith IP address ::1Added XP: 30 POST HTTP/1.1 
[INFO] at 24-04-11 07:04:05 xp decreased for user gerumwith IP address ::1XP: 30 POST HTTP/1.1 
[INFO] at 24-04-11 07:04:27 xp added for user gerumwith IP address ::1Added XP: 30 POST HTTP/1.1 
[INFO] at 24-04-11 07:04:35 xp decreased for user gerumwith IP address ::1XP: 30 POST HTTP/1.1 
[INFO] at 24-04-11 07:04:56 xp added for user gerumwith IP address ::1Added XP: 30 POST HTTP/1.1 
[INFO] at 24-04-11 07:04:23 xp decreased for user gerumwith IP address ::1XP: 30 POST HTTP/1.1 
[INFO] at 24-04-11 07:04:15 xp added for user gerumwith IP address ::1Added XP: 30 POST HTTP/1.1 
[INFO] at 24-04-11 07:04:42 xp decreased for user gerumwith IP address ::1XP: 30 POST HTTP/1.1 
[INFO] at 24-04-11 07:04:13 xp added for user gerumwith IP address ::1Added XP: 30 POST HTTP/1.1 
[INFO] at 24-04-11 07:04:15 xp decreased for user gerumwith IP address ::1XP: 30 POST HTTP/1.1 
[INFO] at 24-04-11 07:04:16 xp added for user gerumwith IP address ::1Added XP: 30 POST HTTP/1.1 
[INFO] at 24-04-11 07:04:17 xp decreased for user gerumwith IP address ::1XP: 30 POST HTTP/1.1 
[INFO] at 24-04-11 07:04:56 xp added for user gerumwith IP address ::1Added XP: 30 POST HTTP/1.1 
[INFO] at 24-04-11 07:04:49 xp decreased for user gerumwith IP address ::1XP: 30 POST HTTP/1.1 
[INFO] at 24-04-11 07:04:34 xp added for user gerumwith IP address ::1Added XP: 30 POST HTTP/1.1 
[INFO] at 24-04-11 07:04:21 xp decreased for user gerumwith IP address ::1XP: 30 POST HTTP/1.1 
[INFO] at 24-04-11 07:04:01 xp added for user gerumwith IP address ::1Added XP: 30 POST HTTP/1.1 
[INFO] at 24-04-11 07:04:08 xp decreased for user gerumwith IP address ::1XP: 30 POST HTTP/1.1 
[INFO] at 24-04-11 07:04:17 xp added for user gerumwith IP address ::1Added XP: 30 POST HTTP/1.1 
[INFO] at 24-04-11 07:04:11 xp decreased for user gerumwith IP address ::1XP: 30 POST HTTP/1.1 
[INFO] at 24-04-11 07:04:43 xp added for user gerumwith IP address ::1Added XP: 30 POST HTTP/1.1 
[INFO] at 24-04-11 07:04:58 xp decreased for user gerumwith IP address ::1XP: 30 POST HTTP/1.1 
[INFO] at 24-04-11 07:04:16 xp added for user gerumwith IP address ::1Added XP: 30 POST HTTP/1.1 
[INFO] at 24-04-11 07:04:17 xp decreased for user gerumwith IP address ::1XP: 30 POST HTTP/1.1 
[INFO] at 24-04-11 07:04:19 xp added for user gerumwith IP address ::1Added XP: 30 POST HTTP/1.1 
[INFO] at 24-04-11 07:04:47 xp decreased for user gerumwith IP address ::1XP: 30 POST HTTP/1.1 
[INFO] at 24-04-11 07:04:49 xp added for user gerumwith IP address ::1Added XP: 30 POST HTTP/1.1 
[INFO] at 24-04-11 07:04:51 xp decreased for user gerumwith IP address ::1XP: 30 POST HTTP/1.1 
[INFO] at 24-04-11 07:04:53 xp added for user gerumwith IP address ::1Added XP: 30 POST HTTP/1.1 
[INFO] at 24-04-11 07:04:58 xp decreased for user gerumwith IP address ::1XP: 30 POST HTTP/1.1 
[INFO] at 24-04-11 07:04:00 xp added for user gerumwith IP address ::1Added XP: 30 POST HTTP/1.1 
[INFO] at 24-04-11 07:04:14 xp decreased for user gerumwith IP address ::1XP: 30 POST HTTP/1.1 
[INFO] at 24-04-11 07:04:36 xp added for user gerumwith IP address ::1Added XP: 30 POST HTTP/1.1 
[INFO] at 24-04-11 07:04:41 xp decreased for user gerumwith IP address ::1XP: 30 POST HTTP/1.1 
[INFO] at 24-04-11 07:04:16 xp added for user gerumwith IP address ::1Added XP: 30 POST HTTP/1.1 
[INFO] at 24-04-11 07:04:43 xp decreased for user gerumwith IP address ::1XP: 30 POST HTTP/1.1 
[INFO] at 24-04-11 07:04:50 xp added for user gerumwith IP address ::1Added XP: 30 POST HTTP/1.1 
[INFO] at 24-04-11 09:04:21 xp added for user benyaswith IP address ::1Added XP: 30 POST HTTP/1.1 
[INFO] at 24-04-12 06:04:36 xp added for user benyaswith IP address ::1Added XP: 10 POST HTTP/1.1 
[INFO] at 24-03-28 04:03:46 xp added for user gerumwith IP address ::1Added XP: 10 POST HTTP/1.1 
[INFO] at 24-03-28 04:03:23 xp added for user gerumwith IP address ::1Added XP: 30 POST HTTP/1.1 
[INFO] at 24-03-28 04:03:25 xp decreased for user gerumwith IP address ::1XP: 30 POST HTTP/1.1 
[INFO] at 24-03-28 04:03:31 xp added for user gerumwith IP address ::1Added XP: 30 POST HTTP/1.1 
[INFO] at 24-03-28 05:03:12 xp added for user benyaswith IP address ::1Added XP: 30 POST HTTP/1.1 
[INFO] at 24-03-28 05:03:13 xp decreased for user benyaswith IP address ::1XP: 30 POST HTTP/1.1 
[INFO] at 24-03-28 05:03:45 xp added for user benyaswith IP address ::1Added XP: 10 POST HTTP/1.1 
[INFO] at 24-03-28 05:03:13 xp added for user benyaswith IP address ::1Added XP: 10 POST HTTP/1.1 
[INFO] at 24-03-28 05:03:19 xp added for user benyaswith IP address ::1Added XP: 10 POST HTTP/1.1 
[INFO] at 24-03-28 05:03:22 xp added for user benyaswith IP address ::1Added XP: 10 POST HTTP/1.1 
[INFO] at 24-03-28 05:03:24 xp decreased for user benyaswith IP address ::1XP: 10 POST HTTP/1.1 
[INFO] at 24-03-28 05:03:04 xp added for user gerumwith IP address ::1Added XP: 10 POST HTTP/1.1 
[INFO] at 24-03-28 05:03:50 xp added for user gerumwith IP address ::1Added XP: 10 POST HTTP/1.1 
[INFO] at 24-03-28 06:03:21 xp added for user gerumwith IP address ::1Added XP: 10 POST HTTP/1.1 
[INFO] at 24-03-28 06:03:15 xp added for user gerumwith IP address ::1Added XP: 10 POST HTTP/1.1 
[INFO] at 24-03-28 06:03:23 xp added for user gerumwith IP address ::1Added XP: 10 POST HTTP/1.1 
[INFO] at 24-03-28 06:03:12 xp added for user gerumwith IP address ::1Added XP: 10 POST HTTP/1.1 
[INFO] at 24-03-28 06:03:38 xp added for user gerumwith IP address ::1Added XP: 10 POST HTTP/1.1 
[INFO] at 24-03-28 06:03:43 xp added for user gerumwith IP address ::1Added XP: 10 POST HTTP/1.1 
[INFO] at 24-03-28 06:03:56 xp added for user gerumwith IP address ::1Added XP: 10 POST HTTP/1.1 
[INFO] at 24-03-28 06:03:17 xp added for user gerumwith IP address ::1Added XP: 10 POST HTTP/1.1 
[INFO] at 24-03-28 06:03:50 xp added for user gerumwith IP address ::1Added XP: 10 POST HTTP/1.1 
[INFO] at 24-03-28 06:03:00 xp added for user gerumwith IP address ::1Added XP: 10 POST HTTP/1.1 
[INFO] at 24-03-28 06:03:52 xp added for user gerumwith IP address ::1Added XP: 10 POST HTTP/1.1 
[INFO] at 24-03-28 06:03:35 xp added for user gerumwith IP address ::1Added XP: 10 POST HTTP/1.1 
[INFO] at 24-03-28 06:03:03 xp added for user gerumwith IP address ::1Added XP: 10 POST HTTP/1.1 
[INFO] at 24-03-28 06:03:28 xp added for user gerumwith IP address ::1Added XP: 10 POST HTTP/1.1 
[INFO] at 24-03-28 06:03:42 xp added for user gerumwith IP address ::1Added XP: 10 POST HTTP/1.1 
[INFO] at 24-03-28 06:03:55 xp added for user gerumwith IP address ::1Added XP: 10 POST HTTP/1.1 
[INFO] at 24-04-12 09:04:08 xp added for user gerumwith IP address ::1Added XP: 10 POST HTTP/1.1 
[INFO] at 24-04-12 09:04:06 xp added for user gerumwith IP address ::1Added XP: 10 POST HTTP/1.1 
[INFO] at 24-04-12 09:04:15 xp added for user gerumwith IP address ::1Added XP: 10 POST HTTP/1.1 
[INFO] at 24-04-12 10:04:36 xp added for user gerumwith IP address ::1Added XP: 10 POST HTTP/1.1 
[INFO] at 24-04-12 10:04:25 xp decreased for user gerumwith IP address ::1XP: 10 POST HTTP/1.1 
[INFO] at 24-04-19 07:04:46 xp added for user gerumwith IP address ::1Added XP: 10 POST HTTP/1.1 
[INFO] at 24-04-19 07:04:52 xp decreased for user gerumwith IP address ::1XP: 10 POST HTTP/1.1 
[INFO] at 24-04-20 06:04:53 xp added for user m1to8with IP address ::1Added XP: 12 POST HTTP/1.1 
[INFO] at 24-04-20 06:04:23 xp added for user m1to8with IP address ::1Added XP: 10 POST HTTP/1.1 
[INFO] at 24-04-20 06:04:28 xp added for user m1to8with IP address ::1Added XP: 10 POST HTTP/1.1 
[INFO] at 24-04-20 06:04:29 xp decreased for user m1to8with IP address ::1XP: 10 POST HTTP/1.1 
[INFO] at 24-04-20 06:04:05 xp added for user m1to8with IP address ::1Added XP: 10 POST HTTP/1.1 
[INFO] at 24-04-20 06:04:10 xp added for user m1to8with IP address ::1Added XP: 10 POST HTTP/1.1 
[INFO] at 24-04-20 07:04:10 xp added for user m1to8with IP address ::1Added XP: 10 POST HTTP/1.1 
[INFO] at 24-04-20 07:04:17 xp decreased for user m1to8with IP address ::1XP: 10 POST HTTP/1.1 
[INFO] at 24-04-20 07:04:15 xp added for user m1to8with IP address ::1Added XP: 10 POST HTTP/1.1 
[INFO] at 24-04-20 08:04:11 xp decreased for user m1to8with IP address ::1XP: 10 POST HTTP/1.1 
[INFO] at 24-04-20 10:04:03 xp added for user someonewith IP address ::1Added XP: 10 POST HTTP/1.1 
[INFO] at 24-04-20 10:04:45 xp decreased for user someonewith IP address ::1XP: 12 POST HTTP/1.1 
[INFO] at 24-04-20 02:04:39 xp added for user someonewith IP address ::1Added XP: 10 POST HTTP/1.1 
[INFO] at 24-04-20 02:04:11 xp added for user someonewith IP address ::1Added XP: 10 POST HTTP/1.1 
[INFO] at 24-04-20 02:04:15 xp added for user someonewith IP address ::1Added XP: 10 POST HTTP/1.1 
[INFO] at 24-04-20 02:04:19 xp decreased for user someonewith IP address ::1XP: 10 POST HTTP/1.1 
[INFO] at 24-04-20 02:04:23 xp added for user someonewith IP address ::1Added XP: 10 POST HTTP/1.1 
[INFO] at 24-04-20 02:04:27 xp added for user someonewith IP address ::1Added XP: 10 POST HTTP/1.1 
[INFO] at 24-04-20 02:04:59 xp added for user someonewith IP address ::1Added XP: 10 POST HTTP/1.1 
[INFO] at 24-04-20 02:04:04 xp added for user someonewith IP address ::1Added XP: 10 POST HTTP/1.1 
[INFO] at 24-04-20 02:04:08 xp added for user someonewith IP address ::1Added XP: 10 POST HTTP/1.1 
[INFO] at 24-04-20 02:04:12 xp added for user someonewith IP address ::1Added XP: 10 POST HTTP/1.1 
[INFO] at 24-04-20 02:04:15 xp added for user someonewith IP address ::1Added XP: 10 POST HTTP/1.1 
[INFO] at 24-04-20 02:04:07 xp added for user someonewith IP address ::1Added XP: 10 POST HTTP/1.1 
[INFO] at 24-04-20 02:04:10 xp added for user someonewith IP address ::1Added XP: 10 POST HTTP/1.1 
[INFO] at 24-04-20 02:04:14 xp decreased for user someonewith IP address ::1XP: 10 POST HTTP/1.1 
[INFO] at 24-04-20 02:04:18 xp added for user someonewith IP address ::1Added XP: 10 POST HTTP/1.1 
[INFO] at 24-04-20 02:04:22 xp added for user someonewith IP address ::1Added XP: 10 POST HTTP/1.1 
[INFO] at 24-04-20 02:04:56 xp added for user someonewith IP address ::1Added XP: 10 POST HTTP/1.1 
[INFO] at 24-04-20 02:04:01 xp decreased for user someonewith IP address ::1XP: 10 POST HTTP/1.1 
[INFO] at 24-04-20 02:04:03 xp decreased for user someonewith IP address ::1XP: 10 POST HTTP/1.1 
[INFO] at 24-04-21 09:04:57 xp added for user gerumwith IP address ::1Added XP: 10 POST HTTP/1.1 
[INFO] at 24-04-21 09:04:24 xp added for user gerumwith IP address ::1Added XP: 10 POST HTTP/1.1 
[INFO] at 24-04-21 09:04:36 xp added for user gerumwith IP address ::1Added XP: 10 POST HTTP/1.1 
[INFO] at 24-04-21 09:04:22 xp decreased for user gerumwith IP address ::1XP: 10 POST HTTP/1.1 
[INFO] at 24-04-21 09:04:34 xp decreased for user menkrwith IP address ::1XP: 10 POST HTTP/1.1 
[INFO] at 24-04-21 09:04:11 xp decreased for user menkrwith IP address ::1XP: 10 POST HTTP/1.1 
[INFO] at 24-04-21 10:04:49 xp added for user menkrwith IP address ::1Added XP: 10 POST HTTP/1.1 
[INFO] at 24-04-21 11:04:39 xp added for user benyaswith IP address ::1Added XP: 10 POST HTTP/1.1 
[INFO] at 24-04-21 12:04:29 xp added for user menkrwith IP address ::1Added XP: 110 POST HTTP/1.1 
[INFO] at 24-04-21 12:04:21 xp decreased for user menkrwith IP address ::1XP: 10 POST HTTP/1.1 
[INFO] at 24-04-21 01:04:23 xp decreased for user benyaswith IP address ::1XP: 10 POST HTTP/1.1 
[INFO] at 24-04-21 01:04:56 xp added for user benyaswith IP address ::1Added XP: 10 POST HTTP/1.1 
[INFO] at 24-04-21 01:04:05 xp decreased for user benyaswith IP address ::1XP: 10 POST HTTP/1.1 
[INFO] at 24-04-21 01:04:48 xp added for user menkrwith IP address ::1Added XP: 10 POST HTTP/1.1 
[INFO] at 24-04-23 03:04:31 xp decreased for user menkrwith IP address ::1XP: 10 POST HTTP/1.1 
[INFO] at 24-04-23 03:04:46 xp added for user menkrwith IP address ::1Added XP: 10 POST HTTP/1.1 
[INFO] at 24-04-23 04:04:43 xp added for user menkrwith IP address 127.0.0.1Added XP: 10 POST HTTP/1.1 
[INFO] at 24-04-23 04:04:16 xp decreased for user menkrwith IP address 127.0.0.1XP: 10 POST HTTP/1.1 
[INFO] at 24-04-23 04:04:20 xp decreased for user menkrwith IP address 127.0.0.1XP: 10 POST HTTP/1.1 
[INFO] at 24-04-23 02:04:04 xp added for user menkrwith IP address 127.0.0.1Added XP: 10 POST HTTP/1.1 
[INFO] at 24-04-23 04:04:29 xp decreased for user menkrwith IP address 127.0.0.1XP: 10 POST HTTP/1.1 
[INFO] at 24-04-23 02:04:43 xp added for user menkrwith IP address 127.0.0.1Added XP: 10 POST HTTP/1.1 
[INFO] at 24-04-24 09:04:39 xp added for user leulwith IP address 127.0.0.1Added XP: 110 POST HTTP/1.1 
[INFO] at 24-04-24 07:04:21 xp added for user leulwith IP address 127.0.0.1Added XP: 10 POST HTTP/1.1 
[INFO] at 24-04-24 09:04:36 xp decreased for user leulwith IP address 127.0.0.1XP: 10 POST HTTP/1.1 
[INFO] at 24-04-24 07:04:37 xp added for user leulwith IP address 127.0.0.1Added XP: 10 POST HTTP/1.1 
[INFO] at 24-04-25 03:04:16 xp added for user menkrwith IP address 127.0.0.1Added XP: 10 POST HTTP/1.1 
[INFO] at 24-04-25 05:04:51 xp decreased for user menkrwith IP address 127.0.0.1XP: 10 POST HTTP/1.1 
[INFO] at 24-04-25 03:04:07 xp added for user menkrwith IP address 127.0.0.1Added XP: 10 POST HTTP/1.1 
[INFO] at 24-04-25 04:04:26 xp added for user abebewith IP address 127.0.0.1Added XP: 10 POST HTTP/1.1 
[INFO] at 24-04-25 06:04:53 xp decreased for user abebewith IP address 127.0.0.1XP: 10 POST HTTP/1.1 
[INFO] at 24-04-25 06:04:29 xp decreased for user gerumwith IP address 127.0.0.1XP: 10 POST HTTP/1.1 
